======TEST======and_ra_cst: Passed
Message:

======TEST======mov_rc_ircrd: Does not compile
Message:
lnasm(linker): error: in file C:\Users\loryn\Desktop\Progetti\lncpu\tests\mov_rc_ircrd\test.lnasm:2:2, symbol 'mov': invalid instruction (mov_rc_cst)

======TEST======mov_rd_ss: Failed
Message:
Failed conditions:
SS = 17 (actual: 0x00)
RD = 17 (actual: 0x00)

======TEST======and_ra_ra: Failed
Message:
Failed conditions:
FLAGS = 2 (actual: 0x00)

======TEST======and_rc_rd: Failed
Message:
Failed conditions:
FLAGS = 6 (actual: 0x02)

======TEST======and_page0_ra: Passed
Message:

======TEST======or_rc_ra: Failed
Message:
Failed conditions:
RC = 3 (actual: 0x00)

======TEST======pop_abs: Does not compile
Message:
lnasm(linker): error: in file C:\Users\loryn\Desktop\Progetti\lncpu\tests\pop_abs\test.lnasm:2:2, symbol 'mov': invalid instruction (mov_ss_cst)

======TEST======add_rc_rb: Passed
Message:

======TEST======not_page0: Failed
Message:
Failed conditions:
FLAGS = 2 (actual: 0x00)
[0x0000] = 0xfe (actual: 0x00)

======TEST======cmp_page0_rb: Failed
Message:
Failed conditions:
FLAGS = 1 (actual: 0x00)
[0x0100] = 0x 5 (actual: 0x00)
RB = 32 (actual: 0x00)

======TEST======cmp_page0_ra: Failed
Message:
Failed conditions:
FLAGS = 2 (actual: 0x00)
[0x0000] = 0x 2 (actual: 0x00)
RA = 1 (actual: 0x00)

======TEST======ret: Does not compile
Message:
lnasm(lexer): error: in file C:\Users\loryn\Desktop\Progetti\lncpu\tests\ret\test.lnasm:14:18, symbol '+': unexpected character

======TEST======sub_page0_rb: Failed
Message:
Failed conditions:
FLAGS = 2 (actual: 0x05)
[0x0020] = 0x 0 (actual: 0xf0)

======TEST======xor_page0_rd: Failed
Message:
Failed conditions:
[0x0020] = 0x33 (actual: 0x12)

======TEST======swap_ra_rd: Does not compile
Message:
lnasm(lexer): error: in file C:\Users\loryn\Desktop\Progetti\lncpu\tests\swap_ra_rd\test.lnasm:1:1, symbol '`': unexpected character
lnasm(lexer): error: in file C:\Users\loryn\Desktop\Progetti\lncpu\tests\swap_ra_rd\test.lnasm:10:1, symbol '`': unexpected character

======TEST======or_rc_cst: Failed
Message:
Failed conditions:
RC = 3 (actual: 0x01)

======TEST======cmp_rb_rd: Pass conditions format error
Message:
invalid signal name (N)
======TEST======mov_ircrd_ra: Pass conditions format error
Message:
invalid memory address: 0x1020
======TEST======mov_abs_ra: Failed
Message:
Failed conditions:
[0x0100] = 0x10 (actual: 0x00)

======TEST======or_rd_rb: Passed
Message:

======TEST======add_ra_rb: Passed
Message:

======TEST======mov_page0_rb: Failed
Message:
Failed conditions:
[0x0111] = 0x10 (actual: 0x00)

======TEST======or_rb_ra: Failed
Message:
Failed conditions:
RB = 3 (actual: 0x00)

======TEST======mov_cst_abs: Failed
Message:
Failed conditions:
[0x0000] = 0x11 (actual: 0x00)

======TEST======and_page0_rb: Failed
Message:
Failed conditions:
FLAGS = 0 (actual: 0x02)
[0x0020] = 0x21 (actual: 0x00)

======TEST======or_ra_rc: Failed
Message:
Failed conditions:
RA = 3 (actual: 0x00)

======TEST======mov_rc_page0: Failed
Message:
Failed conditions:
[0x0001] = 0x11 (actual: 0x10)
RC = 17 (actual: 0x10)

======TEST======or_rb_rc: Passed
Message:

======TEST======cmp_rc_rd: Failed
Message:
Failed conditions:
RD = 2 (actual: 0x00)
RC = 1 (actual: 0x00)
FLAGS = 8 (actual: 0x00)

======TEST======push_abs: Does not compile
Message:
lnasm(linker): error: in file C:\Users\loryn\Desktop\Progetti\lncpu\tests\push_abs\test.lnasm:2:2, symbol 'mov': invalid instruction (mov_ss_cst)

======TEST======cmp_rd_rb: Failed
Message:
Failed conditions:
RB = 2 (actual: 0x00)
RD = 1 (actual: 0x00)
FLAGS = 8 (actual: 0x00)

======TEST======and_rc_rb: Passed
Message:

======TEST======or_rd_ra: Failed
Message:
Failed conditions:
RD = 3 (actual: 0x00)

======TEST======mov_cst_ss: Failed
Message:
Failed conditions:
SS = 17 (actual: 0x00)

======TEST======and_rb_cst: Failed
Message:
Failed conditions:
FLAGS = 1 (actual: 0x00)
RB = 1 (actual: 0x00)

======TEST======mov_rc_abs: Failed
Message:
Failed conditions:
RC = 17 (actual: 0x00)

======TEST======swap_ra_rb: Passed
Message:

======TEST======mov_cst_ircrd: Failed
Message:
Failed conditions:
[0x0211] = 0x33 (actual: 0x00)

======TEST======ljn_dcst: Pass conditions format error
Message:
invalid pass condition: FLAGS = 0b0001 ; Zero flag is set
======TEST======mov_rb_ra: Failed
Message:
Failed conditions:
RB = 1 (actual: 0x00)
RA = 1 (actual: 0x00)

======TEST======or_page0_ra: Does not compile
Message:
lnasm(linker): error: in file C:\Users\loryn\Desktop\Progetti\lncpu\tests\or_page0_ra\test.lnasm:8:10, symbol 'DATA': section not found in linker config

======TEST======mov_ra_page0: Failed
Message:
Failed conditions:
[0x0101] = 0x 1 (actual: 0x00)
RA = 1 (actual: 0x00)

======TEST======push_cst: Passed
Message:

======TEST======sub_rb_ra: Failed
Message:
Failed conditions:
RB = 1 (actual: 0x0b)

======TEST======xor_rd_rd: Failed
Message:
Failed conditions:
FLAGS = 4 (actual: 0x02)

======TEST======dec_page0: Passed
Message:

======TEST======sub_rd_rc: Failed
Message:
Failed conditions:
FLAGS = 0 (actual: 0x05)
RD = 1 (actual: 0xdf)

======TEST======pop_page0: Does not compile
Message:
lnasm(linker): error: in file C:\Users\loryn\Desktop\Progetti\lncpu\tests\pop_page0\test.lnasm:2:2, symbol 'mov': invalid instruction (mov_ss_cst)

======TEST======jc_cst: Does not compile
Message:
lnasm(linker): error: in file C:\Users\loryn\Desktop\Progetti\lncpu\tests\jc_cst\test.lnasm:21:10, symbol 'CODE': duplicate section 'CODE' (use 'multi = true' in linker config to append multiple code blocks to the same section)

======TEST======mov_ircrd_rb: Pass conditions format error
Message:
invalid memory address: 0x1020
======TEST======push_rc: Does not compile
Message:
lnasm(linker): error: in file C:\Users\loryn\Desktop\Progetti\lncpu\tests\push_rc\test.lnasm:2:2, symbol 'mov': invalid instruction (mov_ss_cst)

======TEST======sub_ra_ra: Failed
Message:
Failed conditions:
FLAGS = 2 (actual: 0x00)

======TEST======xor_ra_rc: Failed
Message:
Failed conditions:
RA = 48 (actual: 0x20)

======TEST======cmp_rd_rc: Failed
Message:
Failed conditions:
FLAGS = 6 (actual: 0x05)

======TEST======sub_rc_rc: Does not compile
Message:
lnasm(linker): error: in file C:\Users\loryn\Desktop\Progetti\lncpu\tests\sub_rc_rc\test.lnasm:2:2, symbol 'mov': invalid instruction (mov_rc_cst)

======TEST======add_ra_rc: Passed
Message:

======TEST======add_rc_ra: Passed
Message:

======TEST======xor_rc_cst: Failed
Message:
Failed conditions:
RC = 3 (actual: 0x00)

======TEST======mov_page0_ra: Failed
Message:
Failed conditions:
[0x0111] = 0x10 (actual: 0x00)

======TEST======or_page0_rd: Failed
Message:
Failed conditions:
FLAGS = 2 (actual: 0x00)

======TEST======mov_ra_abs: Failed
Message:
Failed conditions:
[0x0100] = 0x22 (actual: 0x11)
RA = 34 (actual: 0x11)

======TEST======add_page0_rc: Passed
Message:

======TEST======sub_ra_rc: Passed
Message:

======TEST======xor_page0_ra: Failed
Message:
Failed conditions:
[0x0000] = 0x 3 (actual: 0x00)
RA = 1 (actual: 0x00)

======TEST======dec_rb: Failed
Message:
Failed conditions:
FLAGS = 0 (actual: 0x05)
RB = 33 (actual: 0xff)

======TEST======swap_rb_rc: Failed
Message:
Failed conditions:
RC = 1 (actual: 0x00)
RB = 2 (actual: 0x00)

======TEST======and_rd_cst: Failed
Message:
Failed conditions:
RD = 1 (actual: 0x00)

======TEST======sub_rd_rb: Failed
Message:
Failed conditions:
RD = 4 (actual: 0x00)

======TEST======or_rb_rb: Passed
Message:

======TEST======lgoto_dcst: Does not compile
Message:
lnasm(linker): error: in file C:\Users\loryn\Desktop\Progetti\lncpu\tests\lgoto_dcst\test.lnasm:8:10, symbol '0x2022': Invalid composite argument: word, byte

======TEST======pop_rd: Failed
Message:
Failed conditions:
SP = 8448 (actual: 0x01)

======TEST======add_rd_rb: Failed
Message:
Failed conditions:
RD = 3 (actual: 0x00)

======TEST======and_ra_rd: Pass conditions format error
Message:
invalid pass condition: FLAGS = 0b0010 ;Zero flag set
======TEST======and_page0_rc: Passed
Message:

======TEST======xor_page0_rb: Failed
Message:
Failed conditions:
[0x0001] = 0x 1 (actual: 0x00)
RB = 32 (actual: 0x00)

======TEST======and_rb_rb: Failed
Message:
Failed conditions:
RB = 1 (actual: 0x00)

======TEST======xor_rc_rc: Failed
Message:
Failed conditions:
FLAGS = 4 (actual: 0x02)

======TEST======and_rd_rd: Failed
Message:
Failed conditions:
FLAGS = 0 (actual: 0x02)
RD = 17 (actual: 0x00)

======TEST======add_rc_rd: Passed
Message:

======TEST======push_ra: Does not compile
Message:
lnasm(linker): error: in file C:\Users\loryn\Desktop\Progetti\lncpu\tests\push_ra\test.lnasm:2:2, symbol 'mov': invalid instruction (mov_ss_cst)

======TEST======dec_rc: Passed
Message:

======TEST======lgoto_rcrd: Does not compile
Message:
lnasm(linker): error: in file C:\Users\loryn\Desktop\Progetti\lncpu\tests\lgoto_rcrd\test.lnasm:2:2, symbol 'mov': invalid instruction (mov_rc_cst)

======TEST======push_rb: Does not compile
Message:
lnasm(linker): error: in file C:\Users\loryn\Desktop\Progetti\lncpu\tests\push_rb\test.lnasm:2:2, symbol 'mov': invalid instruction (mov_ss_cst)

======TEST======cmp_rd_ra: Failed
Message:
Failed conditions:
FLAGS = 12 (actual: 0x00)
RA = 2 (actual: 0x00)
RD = 1 (actual: 0x00)

======TEST======cmp_ra_rb: Failed
Message:
Failed conditions:
FLAGS = 6 (actual: 0x05)

======TEST======xor_rb_ra: Failed
Message:
Failed conditions:
RB = 3 (actual: 0x00)

======TEST======mov_ircrd_rc: Pass conditions format error
Message:
invalid memory address: 0x1020
======TEST======not_rb: Failed
Message:
Failed conditions:
FLAGS = 4 (actual: 0x00)
RB = 254 (actual: 0x00)

======TEST======mov_rb_abs: Pass conditions format error
Message:
invalid memory address: 0x0100
======TEST======add_rd_rd: Passed
Message:

======TEST======and_rb_ra: Passed
Message:

======TEST======sub_rc_rd: Failed
Message:
Failed conditions:
FLAGS = 9 (actual: 0x00)
RC = 255 (actual: 0x00)

======TEST======xor_ra_rb: Failed
Message:
Failed conditions:
RA = 3 (actual: 0x00)

======TEST======create: Execution error
Message:
test.lnasm not found
======TEST======mov_page0_rd: Failed
Message:
Failed conditions:
[0x0111] = 0x10 (actual: 0x00)

======TEST======cmp_rb_ra: Failed
Message:
Failed conditions:
FLAGS = 1 (actual: 0x00)

======TEST======add_page0_rb: Failed
Message:
Failed conditions:
[0x0100] = 0x 3 (actual: 0x00)

======TEST======add_rb_ra: Passed
Message:

======TEST======mov_abs_rd: Failed
Message:
Failed conditions:
[0x0100] = 0x42 (actual: 0x00)

======TEST======inc_ra: Failed
Message:
Failed conditions:
RA = 2 (actual: 0x00)

======TEST======sub_rd_ra: Passed
Message:

======TEST======xor_ra_cst: Failed
Message:
Failed conditions:
FLAGS = 2 (actual: 0x00)
RA = 2 (actual: 0x00)

======TEST======lcall_ircrd: Pass conditions format error
Message:
invalid signal name (PC)
======TEST======push_ircrd: Does not compile
Message:
lnasm(linker): error: in file C:\Users\loryn\Desktop\Progetti\lncpu\tests\push_ircrd\test.lnasm:2:2, symbol 'mov': invalid instruction (mov_rc_cst)

======TEST======or_rd_rd: Does not compile
Message:
lnasm(linker): error: in file C:\Users\loryn\Desktop\Progetti\lncpu\tests\or_rd_rd\test.lnasm:2:2, symbol 'mov': invalid instruction (mov_rd_cst)

======TEST======and_rb_rd: Failed
Message:
Failed conditions:
FLAGS = 0 (actual: 0x02)
RB = 1 (actual: 0x00)

======TEST======or_rb_rd: Failed
Message:
Failed conditions:
RB = 3 (actual: 0x00)

======TEST======swap_ra_rc: Failed
Message:
Failed conditions:
RC = 1 (actual: 0x00)
RA = 2 (actual: 0x00)

======TEST======xor_rd_ra: Passed
Message:

======TEST======lcall_dcst: Pass conditions format error
Message:
invalid signal name (PC)
======TEST======or_rd_rc: Passed
Message:

======TEST======mov_cst_ra: Failed
Message:
Failed conditions:
RA = 16 (actual: 0x00)

======TEST======add_ra_ra: Passed
Message:

======TEST======shr_ra: Failed
Message:
Failed conditions:
FLAGS = 1 (actual: 0x00)

======TEST======cmp_rc_ra: Failed
Message:
Failed conditions:
FLAGS = 6 (actual: 0x00)

======TEST======mov_ra_rd: Failed
Message:
Failed conditions:
RD = 17 (actual: 0x00)

======TEST======mov_rd_page0: Failed
Message:
Failed conditions:
[0x0101] = 0x11 (actual: 0x00)
RD = 17 (actual: 0x00)

======TEST======mov_rc_rd: Passed
Message:

======TEST======and_rd_rb: Failed
Message:
Failed conditions:
FLAGS = 0 (actual: 0x02)
RD = 16 (actual: 0x00)

======TEST======cmp_ra_rd: Failed
Message:
Failed conditions:
FLAGS = 4 (actual: 0x05)

======TEST======xor_rb_rb: Failed
Message:
Failed conditions:
FLAGS = 4 (actual: 0x00)

======TEST======add_rb_rb: Passed
Message:

======TEST======xor_page0_rc: Failed
Message:
Failed conditions:
RC = 66 (actual: 0x00)
[0x0000] = 0x61 (actual: 0x23)

======TEST======push_page0: Passed
Message:

======TEST======xor_rc_rb: Failed
Message:
Failed conditions:
RC = 3 (actual: 0x00)

======TEST======xor_rb_rc: Passed
Message:

======TEST======or_rb_cst: Failed
Message:
Failed conditions:
RB = 3 (actual: 0x00)

======TEST======or_rc_rb: Passed
Message:

======TEST======mov_page0_page0: Passed
Message:

======TEST======add_rd_ra: Passed
Message:

======TEST======dec_ra: Passed
Message:

======TEST======add_rb_cst: Failed
Message:
Failed conditions:
FLAGS = 2 (actual: 0x00)

======TEST======and_rb_rc: Failed
Message:
Failed conditions:
FLAGS = 4 (actual: 0x00)

======TEST======cid: Does not compile
Message:
lnasm(parser): error: in file C:\Users\loryn\Desktop\Progetti\lncpu\tests\cid\test.lnasm:4:2, symbol 'cli': unexpected end of line

======TEST======xor_rd_rb: Passed
Message:

======TEST======cmp_ra_cst: Failed
Message:
Failed conditions:
RA = 2 (actual: 0x00)

======TEST======sub_rb_rc: Failed
Message:
Failed conditions:
FLAGS = 9 (actual: 0x00)
RB = 255 (actual: 0x00)

======TEST======or_ra_cst: Passed
Message:

======TEST======and_rc_rc: Does not compile
Message:
lnasm(linker): error: in file C:\Users\loryn\Desktop\Progetti\lncpu\tests\and_rc_rc\test.lnasm:2:2, symbol 'mov': invalid instruction (mov_rc_cst)

======TEST======cmp_rd_rd: Failed
Message:
Failed conditions:
RD = 32 (actual: 0x00)
FLAGS = 2 (actual: 0x00)

======TEST======mov_ircrd_rd: Pass conditions format error
Message:
invalid memory address: 0x1122
======TEST======sub_rc_rb: Failed
Message:
Failed conditions:
FLAGS = 9 (actual: 0x00)
RC = 255 (actual: 0x00)

======TEST======xor_ra_rd: Failed
Message:
Failed conditions:
RA = 3 (actual: 0x00)

======TEST======add_rc_cst: Failed
Message:
Failed conditions:
RC = 8 (actual: 0x03)

======TEST======not_ra: Failed
Message:
Failed conditions:
FLAGS = 2 (actual: 0x00)
RA = 254 (actual: 0x00)

======TEST======or_ra_rb: Passed
Message:

======TEST======inc_rb: Failed
Message:
Failed conditions:
FLAGS = 1 (actual: 0x00)

======TEST======mov_ra_rb: Passed
Message:

======TEST======sub_rd_rd: Does not compile
Message:
lnasm(linker): error: in file C:\Users\loryn\Desktop\Progetti\lncpu\tests\sub_rd_rd\test.lnasm:2:2, symbol 'mov': invalid instruction (mov_rd_cst)

======TEST======jz_cst: Failed
Message:
Failed conditions:
FLAGS = 2 (actual: 0x00)
RA = 1 (actual: 0x00)

======TEST======xor_ra_ra: Failed
Message:
Failed conditions:
FLAGS = 6 (actual: 0x02)

======TEST======jn_cst: Does not compile
Message:
lnasm(linker): error: in file C:\Users\loryn\Desktop\Progetti\lncpu\tests\jn_cst\test.lnasm:11:10, symbol 'CODE': duplicate section 'CODE' (use 'multi = true' in linker config to append multiple code blocks to the same section)

======TEST======mov_rc_ra: Passed
Message:

======TEST======xor_rc_ra: Failed
Message:
Failed conditions:
RC = 3 (actual: 0x00)

======TEST======add_rd_cst: Failed
Message:
Failed conditions:
RD = 4 (actual: 0x01)

======TEST======and_rc_cst: Failed
Message:
Failed conditions:
RC = 1 (actual: 0x00)

======TEST======add_rb_rc: Passed
Message:

======TEST======and_ra_rc: Pass conditions format error
Message:
invalid pass condition: FLAGS = 0b0010 ; Zero flag set
======TEST======sub_page0_rc: Failed
Message:
Failed conditions:
RC = 32 (actual: 0x00)
[0x0000] = 0xf0 (actual: 0x00)

======TEST======and_page0_rd: Passed
Message:

======TEST======sub_page0_ra: Failed
Message:
Failed conditions:
FLAGS = 10 (actual: 0x05)
[0x0101] = 0xbe (actual: 0x00)

======TEST======sub_rb_rd: Failed
Message:
Failed conditions:
RB = 254 (actual: 0x00)

======TEST======mov_ss_rd: Failed
Message:
Failed conditions:
SS = 17 (actual: 0x00)

======TEST======add_rc_rc: Does not compile
Message:
lnasm(linker): error: in file C:\Users\loryn\Desktop\Progetti\lncpu\tests\add_rc_rc\test.lnasm:2:2, symbol 'mov': invalid instruction (mov_rc_cst)

======TEST======mov_rb_rd: Failed
Message:
Failed conditions:
RB = 16 (actual: 0x00)

======TEST======inc_rc: Failed
Message:
Failed conditions:
RC = 33 (actual: 0x00)

======TEST======cmp_rd_cst: Failed
Message:
Failed conditions:
RD = 33 (actual: 0x00)
FLAGS = 2 (actual: 0x00)

======TEST======mov_cst_rb: Failed
Message:
Failed conditions:
RB = 17 (actual: 0x00)

======TEST======or_rc_rd: Failed
Message:
Failed conditions:
RC = 3 (actual: 0x00)

======TEST======xor_rd_rc: Passed
Message:

======TEST======pop_ra: Does not compile
Message:
lnasm(linker): error: in file C:\Users\loryn\Desktop\Progetti\lncpu\tests\pop_ra\test.lnasm:2:2, symbol 'mov': invalid instruction (mov_ss_cst)

======TEST======add_rd_rc: Passed
Message:

======TEST======xor_rd_cst: Failed
Message:
Failed conditions:
RD = 3 (actual: 0x01)

======TEST======pop_rc: Does not compile
Message:
lnasm(linker): error: in file C:\Users\loryn\Desktop\Progetti\lncpu\tests\pop_rc\test.lnasm:2:2, symbol 'mov': invalid instruction (mov_ss_cst)

======TEST======mov_rd_rc: Passed
Message:

======TEST======and_rd_rc: Passed
Message:

======TEST======cmp_rc_rc: Does not compile
Message:
lnasm(linker): error: in file C:\Users\loryn\Desktop\Progetti\lncpu\tests\cmp_rc_rc\test.lnasm:2:2, symbol 'mov': invalid instruction (mov_rc_cst)

======TEST======goto_cst: Does not compile
Message:
lnasm(linker): error: in file C:\Users\loryn\Desktop\Progetti\lncpu\tests\goto_cst\test.lnasm:3:2, symbol 'goto': invalid instruction (goto_ra)

======TEST======mov_cst_rc: Failed
Message:
Failed conditions:
RC = 17 (actual: 0x00)

======TEST======mov_rc_rb: Passed
Message:

======TEST======ljc_dcst: Does not compile
Message:
lnasm(parser): error: in file C:\Users\loryn\Desktop\Progetti\lncpu\tests\ljc_dcst\test.lnasm:11:13, symbol '.data': unexpected token

======TEST======add_rb_rd: Passed
Message:

======TEST======not_rd: Passed
Message:

======TEST======cmp_page0_rd: Failed
Message:
Failed conditions:
[0x0020] = 0x22 (actual: 0x00)
RD = 33 (actual: 0x00)
FLAGS = 0 (actual: 0x02)

======TEST======sec: Passed
Message:

======TEST======inc_rd: Failed
Message:
Failed conditions:
RD = 2 (actual: 0x00)

======TEST======xor_rb_cst: Failed
Message:
Failed conditions:
RB = 2 (actual: 0x00)

======TEST======cmp_rb_cst: Failed
Message:
Failed conditions:
FLAGS = 2 (actual: 0x00)
RB = 1 (actual: 0x00)

======TEST======mov_cst_rd: Passed
Message:

======TEST======swap_rc_rd: Failed
Message:
Failed conditions:
RD = 1 (actual: 0x00)
RC = 2 (actual: 0x00)

======TEST======mov_page0_rc: Failed
Message:
Failed conditions:
[0x0102] = 0x11 (actual: 0x00)

======TEST======clc: Passed
Message:

======TEST======xor_rc_rd: Pass conditions format error
Message:
invalid pass condition: FLAGS = 0b0000 ; N = 0, Z = 0, C = 0
======TEST======or_rc_rc: Does not compile
Message:
lnasm(linker): error: in file C:\Users\loryn\Desktop\Progetti\lncpu\tests\or_rc_rc\test.lnasm:2:2, symbol 'mov': invalid instruction (mov_rc_cst)

======TEST======or_page0_rb: Does not compile
Message:
lnasm(linker): error: in file C:\Users\loryn\Desktop\Progetti\lncpu\tests\or_page0_rb\test.lnasm:2:2, symbol 'mov': invalid instruction (mov_ss_cst)

======TEST======sub_rc_ra: Failed
Message:
Failed conditions:
RC = 1 (actual: 0x00)

======TEST======cmp_ra_rc: Failed
Message:
Failed conditions:
RC = 2 (actual: 0x00)
RA = 1 (actual: 0x00)

======TEST======xor_rb_rd: Failed
Message:
Failed conditions:
RD = 2 (actual: 0x00)
RB = 3 (actual: 0x00)

======TEST======mov_rd_ircrd: Pass conditions format error
Message:
invalid memory address: 0x1122
======TEST======cmp_ra_ra: Passed
Message:

======TEST======cmp_page0_rc: Failed
Message:
Failed conditions:
FLAGS = 6 (actual: 0x00)
[0x0020] = 0x 2 (actual: 0x00)
RC = 1 (actual: 0x00)

======TEST======add_page0_ra: Failed
Message:
Failed conditions:
[0x0020] = 0x40 (actual: 0x20)

======TEST======or_rd_cst: Failed
Message:
Failed conditions:
RD = 3 (actual: 0x00)

======TEST======mov_sp_rd: Failed
Message:
Failed conditions:
SP = 17 (actual: 0xff)

======TEST======sub_rb_rb: Does not compile
Message:
lnasm(linker): error: in file C:\Users\loryn\Desktop\Progetti\lncpu\tests\sub_rb_rb\test.lnasm:2:2, symbol 'mov': invalid instruction (mov_rb_cst)

======TEST======mov_rd_sp: Failed
Message:
Failed conditions:
SP = 17 (actual: 0xff)
RD = 17 (actual: 0x00)

======TEST======sub_page0_rd: Passed
Message:

======TEST======mov_rd_rb: Passed
Message:

======TEST======add_ra_rd: Passed
Message:

======TEST======or_ra_rd: Passed
Message:

======TEST======sub_rc_cst: Does not compile
Message:
lnasm(linker): error: in file C:\Users\loryn\Desktop\Progetti\lncpu\tests\sub_rc_cst\test.lnasm:2:2, symbol 'mov': invalid instruction (mov_rc_cst)

======TEST======add_page0_rd: Passed
Message:

======TEST======ljz_dcst: Does not compile
Message:
lnasm(parser): error: in file C:\Users\loryn\Desktop\Progetti\lncpu\tests\ljz_dcst\test.lnasm:8:16, symbol '.data': unexpected token
lnasm(parser): error: in file C:\Users\loryn\Desktop\Progetti\lncpu\tests\ljz_dcst\test.lnasm:22:16, symbol '.data': unexpected token

======TEST======mov_rb_ircrd: Pass conditions format error
Message:
invalid memory address: 0x1020
======TEST======mov_ra_ircrd: Pass conditions format error
Message:
invalid memory address: 0x1122
======TEST======sub_ra_rb: Passed
Message:

======TEST======mov_abs_rb: Pass conditions format error
Message:
invalid memory address: 0x1000
======TEST======swap_rb_rd: Passed
Message:

======TEST======mov_rd_abs: Pass conditions format error
Message:
invalid memory address: 0x1000
======TEST======add_ra_cst: Passed
Message:

======TEST======cmp_rc_rb: Failed
Message:
Failed conditions:
RB = 2 (actual: 0x00)
RC = 1 (actual: 0x00)
FLAGS = 12 (actual: 0x00)

======TEST======sub_ra_rd: Failed
Message:
Failed conditions:
FLAGS = 9 (actual: 0x00)
RA = 255 (actual: 0x00)

======TEST======not_rc: Passed
Message:

======TEST======sid: Passed
Message:

======TEST======mov_ra_rc: Failed
Message:
Failed conditions:
RC = 16 (actual: 0x00)
RA = 16 (actual: 0x00)

======TEST======and_ra_rb: Failed
Message:
Failed conditions:
FLAGS = 2 (actual: 0x00)

======TEST======mov_abs_rc: Pass conditions format error
Message:
invalid memory address: 0x1234
======TEST======cmp_rc_cst: Passed
Message:

======TEST======mov_rb_page0: Failed
Message:
Failed conditions:
[0x0101] = 0x11 (actual: 0x00)
RB = 17 (actual: 0x00)

======TEST======mov_cst_sp: Failed
Message:
Failed conditions:
SP = 17 (actual: 0xff)

======TEST======push_rd: Does not compile
Message:
lnasm(linker): error: in file C:\Users\loryn\Desktop\Progetti\lncpu\tests\push_rd\test.lnasm:2:2, symbol 'mov': invalid instruction (mov_ss_cst)

======TEST======or_ra_ra: Failed
Message:
Failed conditions:
RA = 1 (actual: 0x00)

======TEST======pop_ircrd: Pass conditions format error
Message:
invalid memory address: 0x0102
======TEST======mov_rd_ra: Passed
Message:

======TEST======pop_rb: Does not compile
Message:
lnasm(linker): error: in file C:\Users\loryn\Desktop\Progetti\lncpu\tests\pop_rb\test.lnasm:2:2, symbol 'mov': invalid instruction (mov_ss_cst)

======TEST======mov_rb_rc: Failed
Message:
Failed conditions:
RB = 17 (actual: 0x00)
RC = 17 (actual: 0x00)

======TEST======or_page0_rc: Failed
Message:
Failed conditions:
[0x0020] = 0x33 (actual: 0x22)

======TEST======sub_rd_cst: Failed
Message:
Failed conditions:
FLAGS = 2 (actual: 0x00)

======TEST======and_rd_ra: Passed
Message:

======TEST======inc_page0: Failed
Message:
Failed conditions:
[0x0000] = 0x 2 (actual: 0x00)

======TEST======cmp_rb_rb: Failed
Message:
Failed conditions:
RB = 16 (actual: 0x00)

